\BOOKMARK [0][]{chapter.1}{\376\377\173\054\116\000\172\340\000\040\000\040\127\372\170\100\173\227\154\325}{}% 1
\BOOKMARK [1][]{section.1.1}{\376\377\0001\000.\0001\000\040\137\353\220\037\217\223\121\145\217\223\121\372}{chapter.1}% 2
\BOOKMARK [1][]{section.1.2}{\376\377\0001\000.\0002\000\040\143\222\136\217}{chapter.1}% 3
\BOOKMARK [1][]{section.1.3}{\376\377\0001\000.\0003\000\040\154\102\173\054\000k\131\047\145\160}{chapter.1}% 4
\BOOKMARK [1][]{section.1.4}{\376\377\0001\000.\0004\000\040\154\102\220\006\136\217\133\371}{chapter.1}% 5
\BOOKMARK [1][]{section.1.5}{\376\377\0001\000.\0005\000\040\000C\000+\000+\232\330\174\276\136\246}{chapter.1}% 6
\BOOKMARK [1][]{section.1.6}{\376\377\0001\000.\0006\000\040\000p\000y\000t\000h\000o\000n\213\373\121\145}{chapter.1}% 7
\BOOKMARK [1][]{section.1.7}{\376\377\0001\000.\0007\000\040\000j\000a\000v\000a\131\047\145\160}{chapter.1}% 8
\BOOKMARK [0][]{chapter.2}{\376\377\173\054\116\214\172\340\000\040\000\040\133\127\173\046\116\062}{}% 9
\BOOKMARK [1][]{section.2.1}{\376\377\0002\000.\0001\000\040\122\115\177\000\145\160\176\304}{chapter.2}% 10
\BOOKMARK [1][]{section.2.2}{\376\377\0002\000.\0002\000\040\147\000\134\017\210\150\171\072\154\325}{chapter.2}% 11
\BOOKMARK [1][]{section.2.3}{\376\377\0002\000.\0003\000\040\000H\000a\000s\000h}{chapter.2}% 12
\BOOKMARK [2][]{subsection.2.3.1}{\376\377\0002\000.\0003\000.\0001\000\040\133\127\173\046\116\062\000H\000a\000s\000h}{section.2.3}% 13
\BOOKMARK [2][]{subsection.2.3.2}{\376\377\0002\000.\0003\000.\0002\000\040\126\376\116\012\000H\000a\000s\000h}{section.2.3}% 14
\BOOKMARK [1][]{section.2.4}{\376\377\0002\000.\0004\000\040\000K\000M\000P\173\227\154\325}{chapter.2}% 15
\BOOKMARK [2][]{subsection.2.4.1}{\376\377\0002\000.\0004\000.\0001\000\040\000K\000M\000P}{section.2.4}% 16
\BOOKMARK [2][]{subsection.2.4.2}{\376\377\0002\000.\0004\000.\0002\000\040\000E\000X\000K\000M\000P}{section.2.4}% 17
\BOOKMARK [1][]{section.2.5}{\376\377\0002\000.\0005\000\040\000M\000a\000n\000a\000c\000h\000e\000r}{chapter.2}% 18
\BOOKMARK [1][]{section.2.6}{\376\377\0002\000.\0006\000\040\000T\000r\000i\000e\150\021}{chapter.2}% 19
\BOOKMARK [2][]{subsection.2.6.1}{\376\377\0002\000.\0006\000.\0001\000\040\133\127\121\170\150\021}{section.2.6}% 20
\BOOKMARK [2][]{subsection.2.6.2}{\376\377\0002\000.\0006\000.\0002\000\040\0000\000-\0001\133\127\121\170\150\021}{section.2.6}% 21
\BOOKMARK [1][]{section.2.7}{\376\377\0002\000.\0007\000\040\000A\000C\201\352\122\250\147\072}{chapter.2}% 22
\BOOKMARK [1][]{section.2.8}{\376\377\0002\000.\0008\000\040\126\336\145\207\150\021}{chapter.2}% 23
\BOOKMARK [1][]{section.2.9}{\376\377\0002\000.\0009\000\040\000S\000h\000i\000f\000t\000-\000A\000n\000d}{chapter.2}% 24
\BOOKMARK [1][]{section.2.10}{\376\377\0002\000.\0001\0000\000\040\136\217\122\027\201\352\122\250\147\072}{chapter.2}% 25
\BOOKMARK [1][]{section.2.11}{\376\377\0002\000.\0001\0001\000\040\000f\000a\000i\000l\150\021}{chapter.2}% 26
\BOOKMARK [1][]{section.2.12}{\376\377\0002\000.\0001\0002\000\040\124\016\177\000\145\160\176\304}{chapter.2}% 27
\BOOKMARK [1][]{section.2.13}{\376\377\0002\000.\0001\0003\000\040\124\016\177\000\201\352\122\250\147\072}{chapter.2}% 28
\BOOKMARK [0][]{chapter.3}{\376\377\173\054\116\011\172\340\000\040\000\040\213\241\173\227\121\340\117\125}{}% 29
\BOOKMARK [1][]{section.3.1}{\376\377\0003\000.\0001\000\040\127\372\170\100\121\306\131\007}{chapter.3}% 30
\BOOKMARK [1][]{section.3.2}{\376\377\0003\000.\0002\000\040\160\271\116\016\124\021\221\317}{chapter.3}% 31
\BOOKMARK [1][]{section.3.3}{\376\377\0003\000.\0003\000\040\166\364\176\277\060\001\176\277\153\265\116\016\127\006}{chapter.3}% 32
\BOOKMARK [1][]{section.3.4}{\376\377\0003\000.\0004\000\040\133\371\171\360\116\016\116\244\160\271}{chapter.3}% 33
\BOOKMARK [1][]{section.3.5}{\376\377\0003\000.\0005\000\040\116\011\211\322\137\142}{chapter.3}% 34
\BOOKMARK [1][]{section.3.6}{\376\377\0003\000.\0006\000\040\134\017\142\200\135\347}{chapter.3}% 35
\BOOKMARK [1][]{section.3.7}{\376\377\0003\000.\0007\000\040\147\201\211\322\143\222\136\217}{chapter.3}% 36
\BOOKMARK [1][]{section.3.8}{\376\377\0003\000.\0008\000\040\131\032\217\271\137\142}{chapter.3}% 37
\BOOKMARK [2][]{subsection.3.8.1}{\376\377\0003\000.\0008\000.\0001\000\040\160\271\127\050\131\032\217\271\137\142\121\205}{section.3.8}% 38
\BOOKMARK [2][]{subsection.3.8.2}{\376\377\0003\000.\0008\000.\0002\000\040\131\032\217\271\137\142\227\142\171\357}{section.3.8}% 39
\BOOKMARK [1][]{section.3.9}{\376\377\0003\000.\0009\000\040\000P\000i\000c\000k\000\040\133\232\164\006}{chapter.3}% 40
\BOOKMARK [1][]{section.3.10}{\376\377\0003\000.\0001\0000\000\040\121\370\123\005}{chapter.3}% 41
\BOOKMARK [2][]{subsection.3.10.1}{\376\377\0003\000.\0001\0000\000.\0001\000\040\116\214\176\364\121\370\123\005}{section.3.10}% 42
\BOOKMARK [2][]{subsection.3.10.2}{\376\377\0003\000.\0001\0000\000.\0002\000\040\116\011\176\364\121\370\123\005}{section.3.10}% 43
\BOOKMARK [2][]{subsection.3.10.3}{\376\377\0003\000.\0001\0000\000.\0003\000\040\122\250\140\001\121\370\123\005}{section.3.10}% 44
\BOOKMARK [1][]{section.3.11}{\376\377\0003\000.\0001\0001\000\040\145\313\217\154\123\141\130\363}{chapter.3}% 45
\BOOKMARK [2][]{subsection.3.11.1}{\376\377\0003\000.\0001\0001\000.\0001\000\040\147\000\217\334\160\271\133\371}{section.3.11}% 46
\BOOKMARK [2][]{subsection.3.11.2}{\376\377\0003\000.\0001\0001\000.\0002\000\040\147\000\134\017\167\351\137\142\211\206\166\326}{section.3.11}% 47
\BOOKMARK [1][]{section.3.12}{\376\377\0003\000.\0001\0002\000\040\147\000\134\017\127\006\211\206\166\326}{chapter.3}% 48
\BOOKMARK [1][]{section.3.13}{\376\377\0003\000.\0001\0003\000\040\123\112\136\163\227\142\116\244}{chapter.3}% 49
\BOOKMARK [1][]{section.3.14}{\376\377\0003\000.\0001\0004\000\040\217\233\146\156\150\356\171\357\122\006}{chapter.3}% 50
\BOOKMARK [2][]{subsection.3.14.1}{\376\377\0003\000.\0001\0004\000.\0001\000\040\201\352\220\002\136\224\217\233\146\156\150\356\171\357\122\006}{section.3.14}% 51
\BOOKMARK [2][]{subsection.3.14.2}{\376\377\0003\000.\0001\0004\000.\0002\000\040\116\214\221\315\201\352\220\002\136\224\217\233\146\156\150\356\171\357\122\006}{section.3.14}% 52
\BOOKMARK [2][]{subsection.3.14.3}{\376\377\0003\000.\0001\0004\000.\0003\000\040\127\006\166\204\227\142\171\357\136\166}{section.3.14}% 53
\BOOKMARK [1][]{section.3.15}{\376\377\0003\000.\0001\0005\000\040\225\365\123\357\131\053\145\257\127\372\124\214}{chapter.3}% 54
\BOOKMARK [0][]{chapter.4}{\376\377\173\054\126\333\172\340\000\040\000\040\145\160\213\272}{}% 55
\BOOKMARK [1][]{section.4.1}{\376\377\0004\000.\0001\000\040\116\130\154\325\122\240\220\037\174\373\122\027}{chapter.4}% 56
\BOOKMARK [2][]{subsection.4.1.1}{\376\377\0004\000.\0001\000.\0001\000\040\137\353\220\037\116\130}{section.4.1}% 57
\BOOKMARK [2][]{subsection.4.1.2}{\376\377\0004\000.\0001\000.\0002\000\040\137\353\220\037\136\102}{section.4.1}% 58
\BOOKMARK [2][]{subsection.4.1.3}{\376\377\0004\000.\0001\000.\0003\000\040\206\132\145\160\137\353\220\037\136\102}{section.4.1}% 59
\BOOKMARK [2][]{subsection.4.1.4}{\376\377\0004\000.\0001\000.\0004\000\040\167\351\226\065\137\353\220\037\136\102}{section.4.1}% 60
\BOOKMARK [1][]{section.4.2}{\376\377\0004\000.\0002\000\040\175\040\145\160\122\044\145\255}{chapter.4}% 61
\BOOKMARK [2][]{subsection.4.2.1}{\376\377\0004\000.\0002\000.\0001\000\040\213\325\226\144\154\325}{section.4.2}% 62
\BOOKMARK [2][]{subsection.4.2.2}{\376\377\0004\000.\0002\000.\0002\000\040\000M\000i\000l\000l\000e\000r\000-\000R\000a\000b\000i\000n}{section.4.2}% 63
\BOOKMARK [1][]{section.4.3}{\376\377\0004\000.\0003\000\040\153\047\142\311}{chapter.4}% 64
\BOOKMARK [2][]{subsection.4.3.1}{\376\377\0004\000.\0003\000.\0001\000\040\153\047\142\311\121\375\145\160}{section.4.3}% 65
\BOOKMARK [2][]{subsection.4.3.2}{\376\377\0004\000.\0003\000.\0002\000\040\153\047\142\311\133\232\164\006}{section.4.3}% 66
\BOOKMARK [1][]{section.4.4}{\376\377\0004\000.\0004\000\040\132\001\134\024\220\012\133\232\164\006}{chapter.4}% 67
\BOOKMARK [1][]{section.4.5}{\376\377\0004\000.\0005\000\040\215\071\232\154\133\232\164\006}{chapter.4}% 68
\BOOKMARK [1][]{section.4.6}{\376\377\0004\000.\0006\000\040\175\040\145\160}{chapter.4}% 69
\BOOKMARK [2][]{subsection.4.6.1}{\376\377\0004\000.\0006\000.\0001\000\040\123\315\175\040\145\160}{section.4.6}% 70
\BOOKMARK [2][]{subsection.4.6.2}{\376\377\0004\000.\0006\000.\0002\000\040\126\340\133\120\145\160\147\000\131\032\166\204\145\160}{section.4.6}% 71
\BOOKMARK [2][]{subsection.4.6.3}{\376\377\0004\000.\0006\000.\0003\000\040\000P\000o\000l\000l\000a\000r\000d\000-\000R\000h\000o\173\227\154\325}{section.4.6}% 72
\BOOKMARK [1][]{section.4.7}{\376\377\0004\000.\0007\000\040\173\133\154\325}{chapter.4}% 73
\BOOKMARK [2][]{subsection.4.7.1}{\376\377\0004\000.\0007\000.\0001\000\040\127\303\142\311\142\130\145\257\162\171\134\074}{section.4.7}% 74
\BOOKMARK [2][]{subsection.4.7.2}{\376\377\0004\000.\0007\000.\0002\000\040\122\006\127\127\173\133\220\011}{section.4.7}% 75
\BOOKMARK [2][]{subsection.4.7.3}{\376\377\0004\000.\0007\000.\0003\000\040\176\277\140\047\173\133}{section.4.7}% 76
\BOOKMARK [2][]{subsection.4.7.4}{\376\377\0004\000.\0007\000.\0004\000\040\176\277\140\047\173\133\153\047\142\311\121\375\145\160}{section.4.7}% 77
\BOOKMARK [2][]{subsection.4.7.5}{\376\377\0004\000.\0007\000.\0005\000\040\176\277\140\047\173\133\203\253\153\324\116\114\145\257\121\375\145\160}{section.4.7}% 78
\BOOKMARK [1][]{section.4.8}{\376\377\0004\000.\0008\000\040\153\047\121\340\221\314\137\227\173\227\154\325}{chapter.4}% 79
\BOOKMARK [2][]{subsection.4.8.1}{\376\377\0004\000.\0008\000.\0001\000\040\000G\000C\000D}{section.4.8}% 80
\BOOKMARK [2][]{subsection.4.8.2}{\376\377\0004\000.\0008\000.\0002\000\040\000E\000X\000G\000C\000D}{section.4.8}% 81
\BOOKMARK [2][]{subsection.4.8.3}{\376\377\0004\000.\0008\000.\0003\000\040\116\055\126\375\122\151\117\131\133\232\164\006}{section.4.8}% 82
\BOOKMARK [2][]{subsection.4.8.4}{\376\377\0004\000.\0008\000.\0004\000\040\220\006\121\103}{section.4.8}% 83
\BOOKMARK [1][]{section.4.9}{\376\377\0004\000.\0009\000\040\232\330\145\257\155\210\121\103}{chapter.4}% 84
\BOOKMARK [1][]{section.4.10}{\376\377\0004\000.\0001\0000\000\040\176\304\124\010\145\160\133\146}{chapter.4}% 85
\BOOKMARK [2][]{subsection.4.10.1}{\376\377\0004\000.\0001\0000\000.\0001\000\040\143\222\122\027\145\160\116\016\176\304\124\010\145\160}{section.4.10}% 86
\BOOKMARK [2][]{subsection.4.10.2}{\376\377\0004\000.\0001\0000\000.\0002\000\040\220\022\143\250\000\040\000+\000\040\230\204\131\004\164\006}{section.4.10}% 87
\BOOKMARK [2][]{subsection.4.10.3}{\376\377\0004\000.\0001\0000\000.\0003\000\040\220\006\121\103\000\040\000+\000\040\230\204\131\004\164\006}{section.4.10}% 88
\BOOKMARK [2][]{subsection.4.10.4}{\376\377\0004\000.\0001\0000\000.\0004\000\040\000L\000u\000c\000a\000s\000\040\133\232\164\006}{section.4.10}% 89
\BOOKMARK [2][]{subsection.4.10.5}{\376\377\0004\000.\0001\0000\000.\0005\000\040\232\330\174\276\136\246\154\102\176\304\124\010\145\160}{section.4.10}% 90
\BOOKMARK [2][]{subsection.4.10.6}{\376\377\0004\000.\0001\0000\000.\0006\000\040\123\141\162\171\121\160\145\160}{section.4.10}% 91
\BOOKMARK [2][]{subsection.4.10.7}{\376\377\0004\000.\0001\0000\000.\0007\000\040\136\267\142\323\134\125\137\000}{section.4.10}% 92
\BOOKMARK [2][]{subsection.4.10.8}{\376\377\0004\000.\0001\0000\000.\0008\000\040\220\006\136\267\142\323\134\125\137\000}{section.4.10}% 93
\BOOKMARK [1][]{section.4.11}{\376\377\0004\000.\0001\0001\000\040\0000\000/\0001\122\006\145\160\211\304\122\022}{chapter.4}% 94
\BOOKMARK [1][]{section.4.12}{\376\377\0004\000.\0001\0002\000\040\000S\000G\121\375\145\160}{chapter.4}% 95
\BOOKMARK [1][]{section.4.13}{\376\377\0004\000.\0001\0003\000\040\000b\000s\000g\000s}{chapter.4}% 96
\BOOKMARK [1][]{section.4.14}{\376\377\0004\000.\0001\0004\000\040\153\315\121\375\145\160}{chapter.4}% 97
\BOOKMARK [1][]{section.4.15}{\376\377\0004\000.\0001\0005\000\040\176\277\140\047\172\172\225\364}{chapter.4}% 98
\BOOKMARK [1][]{section.4.16}{\376\377\0004\000.\0001\0006\000\040\176\277\140\047\127\372}{chapter.4}% 99
\BOOKMARK [1][]{section.4.17}{\376\377\0004\000.\0001\0007\000\040\142\311\150\074\147\027\145\345\143\322\120\074}{chapter.4}% 100
\BOOKMARK [2][]{subsection.4.17.1}{\376\377\0004\000.\0001\0007\000.\0001\000\040\142\311\150\074\147\027\145\345\143\322\120\074}{section.4.17}% 101
\BOOKMARK [2][]{subsection.4.17.2}{\376\377\0004\000.\0001\0007\000.\0002\000\040\127\050\000x\123\326\120\074\217\336\176\355\145\366\166\204\120\132\120\074}{section.4.17}% 102
\BOOKMARK [2][]{subsection.4.17.3}{\376\377\0004\000.\0001\0007\000.\0003\000\040\221\315\137\303\142\311\150\074\147\027\145\345\143\322\120\074\154\325}{section.4.17}% 103
\BOOKMARK [2][]{subsection.4.17.4}{\376\377\0004\000.\0001\0007\000.\0004\000\040\201\352\161\066\145\160\217\336\176\355\136\102\153\041\124\214}{section.4.17}% 104
\BOOKMARK [1][]{section.4.18}{\376\377\0004\000.\0001\0008\000\040\000F\000F\000T}{chapter.4}% 105
\BOOKMARK [2][]{subsection.4.18.1}{\376\377\0004\000.\0001\0008\000.\0001\000\040\123\167\171\357}{section.4.18}% 106
\BOOKMARK [2][]{subsection.4.18.2}{\376\377\0004\000.\0001\0008\000.\0002\000\040\220\022\137\122\154\325}{section.4.18}% 107
\BOOKMARK [2][]{subsection.4.18.3}{\376\377\0004\000.\0001\0008\000.\0003\000\040\217\355\116\343\154\325}{section.4.18}% 108
\BOOKMARK [2][]{subsection.4.18.4}{\376\377\0004\000.\0001\0008\000.\0004\000\040\133\127\173\046\116\062\123\071\221\115}{section.4.18}% 109
\BOOKMARK [2][]{subsection.4.18.5}{\376\377\0004\000.\0001\0008\000.\0005\000\040\000N\000T\000T}{section.4.18}% 110
\BOOKMARK [1][]{section.4.19}{\376\377\0004\000.\0001\0009\000\040\000F\000W\000T}{chapter.4}% 111
\BOOKMARK [1][]{section.4.20}{\376\377\0004\000.\0002\0000\000\040\123\315\157\024\133\232\164\006}{chapter.4}% 112
\BOOKMARK [2][]{subsection.4.20.1}{\376\377\0004\000.\0002\0000\000.\0001\000\040\116\214\230\171\137\017\123\315\157\024}{section.4.20}% 113
\BOOKMARK [2][]{subsection.4.20.2}{\376\377\0004\000.\0002\0000\000.\0002\000\040\203\253\153\324\116\114\145\257\123\315\157\024}{section.4.20}% 114
\BOOKMARK [1][]{section.4.21}{\376\377\0004\000.\0002\0001\000\040\145\160\166\204\117\115\145\160\121\154\137\017}{chapter.4}% 115
\BOOKMARK [1][]{section.4.22}{\376\377\0004\000.\0002\0002\000\040\136\070\165\050\121\154\137\017}{chapter.4}% 116
\BOOKMARK [0][]{chapter.5}{\376\377\173\054\116\224\172\340\000\040\000\040\144\034\175\042}{}% 117
\BOOKMARK [1][]{section.5.1}{\376\377\0005\000.\0001\000\040\116\214\122\006\147\345\142\176}{chapter.5}% 118
\BOOKMARK [2][]{subsection.5.1.1}{\376\377\0005\000.\0001\000.\0001\000\040\145\164\145\160\116\214\122\006\147\345\142\176}{section.5.1}% 119
\BOOKMARK [2][]{subsection.5.1.2}{\376\377\0005\000.\0001\000.\0002\000\040\134\017\145\160\116\214\122\006\147\345\142\176}{section.5.1}% 120
\BOOKMARK [1][]{section.5.2}{\376\377\0005\000.\0002\000\040\116\011\122\006\147\345\142\176}{chapter.5}% 121
\BOOKMARK [1][]{section.5.3}{\376\377\0005\000.\0003\000\040\000B\000F\000S}{chapter.5}% 122
\BOOKMARK [2][]{subsection.5.3.1}{\376\377\0005\000.\0003\000.\0001\000\040\131\032\156\220\000B\000F\000S}{section.5.3}% 123
\BOOKMARK [2][]{subsection.5.3.2}{\376\377\0005\000.\0003\000.\0002\000\040\123\314\124\021\000B\000F\000S}{section.5.3}% 124
\BOOKMARK [1][]{section.5.4}{\376\377\0005\000.\0004\000\040\000A\000-\000s\000t\000a\000r\173\227\154\325}{chapter.5}% 125
\BOOKMARK [1][]{section.5.5}{\376\377\0005\000.\0005\000\040\217\355\116\343\122\240\155\361}{chapter.5}% 126
\BOOKMARK [1][]{section.5.6}{\376\377\0005\000.\0006\000\040\123\314\124\021\000D\000F\000S}{chapter.5}% 127
\BOOKMARK [1][]{section.5.7}{\376\377\0005\000.\0007\000\040\152\041\142\337\220\000\160\153}{chapter.5}% 128
\BOOKMARK [1][]{section.5.8}{\376\377\0005\000.\0008\000\040\123\314\124\021\000D\000F\000S}{chapter.5}% 129
\BOOKMARK [0][]{chapter.6}{\376\377\173\054\121\155\172\340\000\040\000\040\126\376\213\272}{}% 130
\BOOKMARK [1][]{section.6.1}{\376\377\0006\000.\0001\000\040\126\376\213\272\166\204\127\372\170\100}{chapter.6}% 131
\BOOKMARK [2][]{subsection.6.1.1}{\376\377\0006\000.\0001\000.\0001\000\040\224\376\137\017\122\115\124\021\146\037}{section.6.1}% 132
\BOOKMARK [1][]{section.6.2}{\376\377\0006\000.\0002\000\040\147\000\167\355\215\357}{chapter.6}% 133
\BOOKMARK [2][]{subsection.6.2.1}{\376\377\0006\000.\0002\000.\0001\000\040\130\006\117\030\123\026\000D\000i\000j\000k\000s\000t\000r\000a}{section.6.2}% 134
\BOOKMARK [2][]{subsection.6.2.2}{\376\377\0006\000.\0002\000.\0002\000\040\000S\000P\000F\000A}{section.6.2}% 135
\BOOKMARK [2][]{subsection.6.2.3}{\376\377\0006\000.\0002\000.\0003\000\040\000F\000l\000o\000y\000d}{section.6.2}% 136
\BOOKMARK [1][]{section.6.3}{\376\377\0006\000.\0003\000\040\122\006\134\102\126\376}{chapter.6}% 137
\BOOKMARK [1][]{section.6.4}{\376\377\0006\000.\0004\000\040\135\356\122\006\176\246\147\137}{chapter.6}% 138
\BOOKMARK [1][]{section.6.5}{\376\377\0006\000.\0005\000\040\153\047\142\311\215\357\137\204}{chapter.6}% 139
\BOOKMARK [1][]{section.6.6}{\376\377\0006\000.\0006\000\040\000k\000r\000u\000s\000k\000a\000l\221\315\147\204\150\021}{chapter.6}% 140
\BOOKMARK [1][]{section.6.7}{\376\377\0006\000.\0007\000\040\000T\000a\000r\000j\000a\000n}{chapter.6}% 141
\BOOKMARK [2][]{subsection.6.7.1}{\376\377\0006\000.\0007\000.\0001\000\040\122\162\160\271}{section.6.7}% 142
\BOOKMARK [2][]{subsection.6.7.2}{\376\377\0006\000.\0007\000.\0002\000\040\177\051\160\271}{section.6.7}% 143
\BOOKMARK [2][]{subsection.6.7.3}{\376\377\0006\000.\0007\000.\0003\000\040\160\271\123\314}{section.6.7}% 144
\BOOKMARK [1][]{section.6.8}{\376\377\0006\000.\0008\000\040\0002\000-\000S\000A\000T}{chapter.6}% 145
\BOOKMARK [2][]{subsection.6.8.1}{\376\377\0006\000.\0008\000.\0001\000\040\177\051\160\271\154\325}{section.6.8}% 146
\BOOKMARK [2][]{subsection.6.8.2}{\376\377\0006\000.\0008\000.\0002\000\040\147\323\202\162\154\325}{section.6.8}% 147
\BOOKMARK [1][]{section.6.9}{\376\377\0006\000.\0009\000\040\145\257\127\146\176\263\150\021}{chapter.6}% 148
\BOOKMARK [1][]{section.6.10}{\376\377\0006\000.\0001\0000\000\040\116\214\122\006\126\376\123\071\221\115}{chapter.6}% 149
\BOOKMARK [1][]{section.6.11}{\376\377\0006\000.\0001\0001\000\040\000K\000M\173\227\154\325}{chapter.6}% 150
\BOOKMARK [1][]{section.6.12}{\376\377\0006\000.\0001\0002\000\040\147\000\131\047\155\101}{chapter.6}% 151
\BOOKMARK [2][]{subsection.6.12.1}{\376\377\0006\000.\0001\0002\000.\0001\000\040\000D\000i\000n\000i\000c}{section.6.12}% 152
\BOOKMARK [2][]{subsection.6.12.2}{\376\377\0006\000.\0001\0002\000.\0002\000\040\147\000\134\017\122\162}{section.6.12}% 153
\BOOKMARK [2][]{subsection.6.12.3}{\376\377\0006\000.\0001\0002\000.\0003\000\040\147\000\131\047\147\103\225\355\124\010\133\120\126\376}{section.6.12}% 154
\BOOKMARK [1][]{section.6.13}{\376\377\0006\000.\0001\0003\000\040\147\000\134\017\211\206\166\326}{chapter.6}% 155
\BOOKMARK [2][]{subsection.6.13.1}{\376\377\0006\000.\0001\0003\000.\0001\000\040\000D\000A\000G\147\000\134\017\160\271\215\357\137\204\211\206\166\326}{section.6.13}% 156
\BOOKMARK [1][]{section.6.14}{\376\377\0006\000.\0001\0004\000\040\215\071\165\050\155\101}{chapter.6}% 157
\BOOKMARK [2][]{subsection.6.14.1}{\376\377\0006\000.\0001\0004\000.\0001\000\040\000S\000P\000F\000A\215\071\165\050\155\101}{section.6.14}% 158
\BOOKMARK [1][]{section.6.15}{\376\377\0006\000.\0001\0005\000\040\147\011\116\012\116\013\165\114\166\204\177\121\176\334\155\101}{chapter.6}% 159
\BOOKMARK [2][]{subsection.6.15.1}{\376\377\0006\000.\0001\0005\000.\0001\000\040\145\340\156\220\154\107\116\012\116\013\165\114\123\357\210\114\155\101}{section.6.15}% 160
\BOOKMARK [2][]{subsection.6.15.2}{\376\377\0006\000.\0001\0005\000.\0002\000\040\147\011\156\220\154\107\116\012\116\013\165\114\177\121\176\334\155\101}{section.6.15}% 161
\BOOKMARK [1][]{section.6.16}{\376\377\0006\000.\0001\0006\000\040\150\021\166\204\221\315\137\303}{chapter.6}% 162
\BOOKMARK [1][]{section.6.17}{\376\377\0006\000.\0001\0007\000\040\150\021\166\204\166\364\137\204}{chapter.6}% 163
\BOOKMARK [2][]{subsection.6.17.1}{\376\377\0006\000.\0001\0007\000.\0001\000\040\123\314\000d\000f\000s\154\325}{section.6.17}% 164
\BOOKMARK [2][]{subsection.6.17.2}{\376\377\0006\000.\0001\0007\000.\0002\000\040\150\021\137\142\000d\000p\154\325}{section.6.17}% 165
\BOOKMARK [1][]{section.6.18}{\376\377\0006\000.\0001\0008\000\040\150\021\116\012\000k\123\112\137\204\211\206\166\326}{chapter.6}% 166
\BOOKMARK [1][]{section.6.19}{\376\377\0006\000.\0001\0009\000\040\000d\000f\000s\136\217}{chapter.6}% 167
\BOOKMARK [1][]{section.6.20}{\376\377\0006\000.\0002\0000\000\040\142\354\123\367\136\217\122\027}{chapter.6}% 168
\BOOKMARK [1][]{section.6.21}{\376\377\0006\000.\0002\0001\000\040\000L\000C\000A}{chapter.6}% 169
\BOOKMARK [1][]{section.6.22}{\376\377\0006\000.\0002\0002\000\040\160\271\122\006\154\273}{chapter.6}% 170
\BOOKMARK [1][]{section.6.23}{\376\377\0006\000.\0002\0003\000\040\122\250\140\001\160\271\122\006\154\273}{chapter.6}% 171
\BOOKMARK [1][]{section.6.24}{\376\377\0006\000.\0002\0004\000\040\150\021\116\012\135\356\122\006}{chapter.6}% 172
\BOOKMARK [1][]{section.6.25}{\376\377\0006\000.\0002\0005\000\040\150\021\224\376\122\126\122\006}{chapter.6}% 173
\BOOKMARK [1][]{section.6.26}{\376\377\0006\000.\0002\0006\000\040\126\376\213\272\134\017\215\064\130\353}{chapter.6}% 174
\BOOKMARK [0][]{chapter.7}{\376\377\173\054\116\003\172\340\000\040\000\040\145\160\143\156\176\323\147\204}{}% 175
\BOOKMARK [1][]{section.7.1}{\376\377\0007\000.\0001\000\040\224\376\210\150}{chapter.7}% 176
\BOOKMARK [1][]{section.7.2}{\376\377\0007\000.\0002\000\040\136\166\147\345\226\306}{chapter.7}% 177
\BOOKMARK [2][]{subsection.7.2.1}{\376\377\0007\000.\0002\000.\0001\000\040\123\357\144\244\225\000\136\166\147\345\226\306}{section.7.2}% 178
\BOOKMARK [2][]{subsection.7.2.2}{\376\377\0007\000.\0002\000.\0002\000\040\123\357\143\001\116\105\123\026\136\166\147\345\226\306}{section.7.2}% 179
\BOOKMARK [2][]{subsection.7.2.3}{\376\377\0007\000.\0002\000.\0003\000\040\171\315\174\173\136\166\147\345\226\306}{section.7.2}% 180
\BOOKMARK [1][]{section.7.3}{\376\377\0007\000.\0003\000\040\124\057\123\321\137\017\124\010\136\166}{chapter.7}% 181
\BOOKMARK [1][]{section.7.4}{\376\377\0007\000.\0004\000\040\000S\000T\210\150}{chapter.7}% 182
\BOOKMARK [1][]{section.7.5}{\376\377\0007\000.\0005\000\040\150\021\162\266\145\160\176\304}{chapter.7}% 183
\BOOKMARK [1][]{section.7.6}{\376\377\0007\000.\0006\000\040\116\214\176\364\136\163\227\142}{chapter.7}% 184
\BOOKMARK [2][]{subsection.7.6.1}{\376\377\0007\000.\0006\000.\0001\000\040\116\214\176\364\122\115\177\000\124\214}{section.7.6}% 185
\BOOKMARK [2][]{subsection.7.6.2}{\376\377\0007\000.\0006\000.\0002\000\040\116\214\176\364\000S\000T\210\150}{section.7.6}% 186
\BOOKMARK [1][]{section.7.7}{\376\377\0007\000.\0007\000\040\203\253\226\037\173\227\154\325}{chapter.7}% 187
\BOOKMARK [2][]{subsection.7.7.1}{\376\377\0007\000.\0007\000.\0001\000\040\145\340\117\356\203\253\226\037}{section.7.7}% 188
\BOOKMARK [2][]{subsection.7.7.2}{\376\377\0007\000.\0007\000.\0002\000\040\126\336\156\332\203\253\226\037}{section.7.7}% 189
\BOOKMARK [2][]{subsection.7.7.3}{\376\377\0007\000.\0007\000.\0003\000\040\136\046\117\356\203\253\226\037}{section.7.7}% 190
\BOOKMARK [2][]{subsection.7.7.4}{\376\377\0007\000.\0007\000.\0004\000\040\150\021\116\012\203\253\226\037}{section.7.7}% 191
\BOOKMARK [1][]{section.7.8}{\376\377\0007\000.\0008\000\040\163\302\147\065\203\211\150\021}{chapter.7}% 192
\BOOKMARK [1][]{section.7.9}{\376\377\0007\000.\0009\000\040\122\250\140\001\137\000\160\271\176\277\153\265\150\021}{chapter.7}% 193
\BOOKMARK [1][]{section.7.10}{\376\377\0007\000.\0001\0000\000\040\147\116\215\205\150\021}{chapter.7}% 194
\BOOKMARK [1][]{section.7.11}{\376\377\0007\000.\0001\0001\000\040\135\346\120\117\150\021}{chapter.7}% 195
\BOOKMARK [1][]{section.7.12}{\376\377\0007\000.\0001\0002\000\040\000S\000p\000l\000a\000y}{chapter.7}% 196
\BOOKMARK [1][]{section.7.13}{\376\377\0007\000.\0001\0003\000\040\000L\000C\000T}{chapter.7}% 197
\BOOKMARK [1][]{section.7.14}{\376\377\0007\000.\0001\0004\000\040\116\073\136\055\150\021}{chapter.7}% 198
\BOOKMARK [2][]{subsection.7.14.1}{\376\377\0007\000.\0001\0004\000.\0001\000\040\227\131\140\001\123\072\225\364\173\054\000k\134\017}{section.7.14}% 199
\BOOKMARK [1][]{section.7.15}{\376\377\0007\000.\0001\0005\000\040\000c\000d\000q\122\006\154\273}{chapter.7}% 200
\BOOKMARK [2][]{subsection.7.15.1}{\376\377\0007\000.\0001\0005\000.\0001\000\040\116\011\176\364\120\117\136\217\225\356\230\230}{section.7.15}% 201
\BOOKMARK [1][]{section.7.16}{\376\377\0007\000.\0001\0006\000\040\000k\000d\150\021}{chapter.7}% 202
\BOOKMARK [0][]{chapter.8}{\376\377\173\054\121\153\172\340\000\040\000\040\122\250\140\001\211\304\122\022}{}% 203
\BOOKMARK [1][]{section.8.1}{\376\377\0008\000.\0001\000\040\140\254\176\277\154\325\000d\000p}{chapter.8}% 204
\BOOKMARK [1][]{section.8.2}{\376\377\0008\000.\0002\000\040\145\234\163\207\117\030\123\026\000d\000p}{chapter.8}% 205
\BOOKMARK [1][]{section.8.3}{\376\377\0008\000.\0003\000\040\145\160\117\115\000d\000p}{chapter.8}% 206
\BOOKMARK [1][]{section.8.4}{\376\377\0008\000.\0004\000\040\225\031\143\222\121\154\137\017}{chapter.8}% 207
\BOOKMARK [0][]{chapter.9}{\376\377\173\054\116\135\172\340\000\040\000\040\121\166\116\326}{}% 208
\BOOKMARK [1][]{section.9.1}{\376\377\0009\000.\0001\000\040\000S\000T\000L}{chapter.9}% 209
\BOOKMARK [2][]{subsection.9.1.1}{\376\377\0009\000.\0001\000.\0001\000\040\000m\000u\000l\000t\000i\000s\000e\000t}{section.9.1}% 210
\BOOKMARK [2][]{subsection.9.1.2}{\376\377\0009\000.\0001\000.\0002\000\040\000b\000i\000t\000s\000e\000t}{section.9.1}% 211
\BOOKMARK [1][]{section.9.2}{\376\377\0009\000.\0002\000\040\210\150\217\276\137\017\150\021}{chapter.9}% 212
\BOOKMARK [1][]{section.9.3}{\376\377\0009\000.\0003\000\040\122\007\153\324\226\352\131\053\215\335\171\273}{chapter.9}% 213
\BOOKMARK [1][]{section.9.4}{\376\377\0009\000.\0004\000\040\171\273\145\143\123\026}{chapter.9}% 214
\BOOKMARK [1][]{section.9.5}{\376\377\0009\000.\0005\000\040\123\072\225\364\171\273\145\143\123\026}{chapter.9}% 215
\BOOKMARK [1][]{section.9.6}{\376\377\0009\000.\0006\000\040\154\350\141\017\116\213\230\171}{chapter.9}% 216
